test_varint_encoding_decoding():
Function result: 0000,
Expected result: 0x00,
Function result: 0
Expected result: 0
Function result: 0xfd,0xd2,0x04,
Expected result: 0xfd,0xd2,0x04,
Function result: 1234
Expected result: 1234
Function result: 0xfe,0xff,0xff,0x0f,0000,
Expected result: 0xfe,0xff,0xff,0x0f,0000,
Function result: 1048575
Expected result: 1048575
Function result: 0xfe,0x76,0x5e,0xdf,0x01,
Expected result: 0xfe,0x76,0x5e,0xdf,0x01,
Function result: 31415926
Expected result: 31415926
Function result: 0xfe,0000,0000,0000,0x80,
Expected result: 0xfe,0000,0000,0000,0x80,
Function result: 2147483648
Expected result: 2147483648
Function result: 0xff,0000,0000,0000,0000,0x01,0000,0000,0000,
Expected result: 0xff,0000,0000,0000,0000,0x01,0000,0000,0000,
Function result: 4294967296
Expected result: 4294967296
Function result: 0xff,0xff,0xff,0xff,0xff,0xff,0xff,0xff,0xff,
Expected result: 0xff,0xff,0xff,0xff,0xff,0xff,0xff,0xff,0xff,
Function result: 18446744073709551615
Expected result: 18446744073709551615

test_parse():
Function get_version() result: 1
Expected get_version() result: 1
Function get_tx_in_count() result: 1
Expected get_tx_in_count() result: 1
Function tx_ins[0].get_prev_tx_id() result: d1c789a9c60383bf715f3f6ad9d14b91fe55f3deb369fe5d9280cb1a01793f81
Expected tx_ins[0].get_prev_tx_id() result: d1c789a9c60383bf715f3f6ad9d14b91fe55f3deb369fe5d9280cb1a01793f81
Function get_prev_tx_idx() result: 0
Expected get_prev_tx_idx() result: 0
Function get_sequence() result: 0xfffffffe
Expected get_sequence() result: 0xfffffffe
Function get_tx_out_count() result: 2
Expected get_tx_out_count() result: 2
Function tx_outs[0].get_amount() result: 32454049
Expected tx_outs[0].get_amount() result: 32454049
Function tx_outs[1].get_amount() result: 10011545
Expected tx_outs[1].get_amount() result: 10011545
Function my_tx.get_locktime() result: 410393
Expected my_tx.get_locktime() result: 410393
Function tx_outs[1].get_amount() result: 40000000
Expected tx_outs[1].get_amount() result: 40000000

test_parse_fee() (Note the function requires Internet connection to work):
Function my_tx.get_fee() result: 40000
Expected my_tx.get_fee() result: 40000
Function my_tx.get_fee() result: 140500
Expected my_tx.get_fee() result: 140500
