test_uncompressed_sec_format():
04d90cd625ee87dd38656dd95cf79f65f60f7273b67d3096e68bd81e4f5342691f842efa762fd59961d0e99803c61edba8b3e3f7dc3a341836f97733aebf987121

test_compressed_sec_format():
0296be5b1292f6c856b3c5654e886fc13511462059089cdf9c479623bfcbe77690

test_der_sig_format():
Function result: 3045022037206a0610995c58074999cb9767b87af4c4978db68c06e8e6e81d282047a7c60221008ca63759c1157ebeaec0d03cecca119fc9a75bf8e6d0fa65c841c8e2738cdaec
Expected result: 3045022037206a0610995c58074999cb9767b87af4c4978db68c06e8e6e81d282047a7c60221008ca63759c1157ebeaec0d03cecca119fc9a75bf8e6d0fa65c841c8e2738cdaec

test_base58():
Function result: 2NEpo7TZRRrLZSi2U
Expected result: 2NEpo7TZRRrLZSi2U
Function result: USm3fpXnKG5EUBx2ndxBDMPVciP5hGey2Jh4NDv6gmeo1LkMeiKrLJUUBk6Z
Expected result: USm3fpXnKG5EUBx2ndxBDMPVciP5hGey2Jh4NDv6gmeo1LkMeiKrLJUUBk6Z
Function result: 9MA8fRQrT4u8Zj8ZRd6MAiiyaxb2Y1CMpvVkHQu5hVM6
Expected result: 9MA8fRQrT4u8Zj8ZRd6MAiiyaxb2Y1CMpvVkHQu5hVM6
Function result: 4fE3H2E6XMp4SsxtwinF7w9a34ooUrwWe4WsW1458Pd
Expected result: 4fE3H2E6XMp4SsxtwinF7w9a34ooUrwWe4WsW1458Pd
Function result: EQJsjkd6JaGwxrjEhfeqPenqHwrBmPQZjJGNSCHBkcF7
Expected result: EQJsjkd6JaGwxrjEhfeqPenqHwrBmPQZjJGNSCHBkcF7
Function result: 11233QC4
Expected result: 111233QC4 (questionable)

test_base58_checksum():
Function result: eFGDJPketnz
Expected result: eFGDJPketnz
Function result: 9wWTEnNTWna86WmtFaRbXa
Expected result: 9wWTEnNTWna86WmtFaRbXa
Function result: 46auvTd4NTVoJhFVnfh9reLsP21HQAQUFXCCBzNZjAPwQBRpaSp4aDLzWajGrqq21B
Expected result: 46auvTd4NTVoJhFVnfh9reLsP21HQAQUFXCCBzNZjAPwQBRpaSp4aDLzWajGrqq21B

test_hash160_address():
Function result: mmTPbXQFxboEtNRkwfh6K51jvdtHLxGeMA
Expected result: mmTPbXQFxboEtNRkwfh6K51jvdtHLxGeMA
Function result: mopVkxp8UhXqRYbCYJsbeE1h1fiF64jcoH
Expected result: mopVkxp8UhXqRYbCYJsbeE1h1fiF64jcoH
Function result: 1F1Pn2y6pDb68E5nYJJeba4TLg2U7B6KF1
Expected result: 1F1Pn2y6pDb68E5nYJJeba4TLg2U7B6KF1

test_privkey_wif_address():
Function result: cMahea7zqjxrtgAbB7LSGbcQUr1uX1ojuat9jZodMN8rFTv2sfUK
Expected result: cMahea7zqjxrtgAbB7LSGbcQUr1uX1ojuat9jZodMN8rFTv2sfUK
Function result: 91avARGdfge8E4tZfYLoxeJ5sGBdNJQH4kvjpWAxgzczjbCwxic
Expected result: 91avARGdfge8E4tZfYLoxeJ5sGBdNJQH4kvjpWAxgzczjbCwxic
Function result: KwDiBf89QgGbjEhKnhXJuH7LrciVrZi3qYjgiuQJv1h8Ytr2S53a
Expected result: KwDiBf89QgGbjEhKnhXJuH7LrciVrZi3qYjgiuQJv1h8Ytr2S53a

