test_ops_dup():
Function data_stack.size() result: 3
Expected data_stack.size() result: 3
Function data_stack.top().c_str() result: Hello world,Hello world,Hello world,
Expected data_stack.top().c_str() result: Hello world,Hello world,Hello world,
Function op_dup(&data_stack) result: 0
Expected op_dup(&data_stack) result: 0

test_op_hash256():
Function data_stack.size() result: 2
Expected data_stack.size() result: 2
Function data_stack.top().data() result: f6dc724d119649460e47ce719139e521e082be8a9755c5bece181de046ee65fe
Function data_stack.top().data() result: f6dc724d119649460e47ce719139e521e082be8a9755c5bece181de046ee65fe
Function data_stack.size() result: 2
Expected data_stack.size() result: 2
Function data_stack.top().data() result: 7a24c923419d8bd575e25f4f8e895d80648fb3ce2487de146e7a6ce5e7b6955d
Function data_stack.top().data() result: 7a24c923419d8bd575e25f4f8e895d80648fb3ce2487de146e7a6ce5e7b6955d
Function data_stack.size() result: 2
Expected data_stack.size() result: 2
Function data_stack.top().data() result: f1f37d379df9bf407af43757558c7cb48fdd16d58b95d16df74573bd97c8f316
Function data_stack.top().data() result: f1f37d379df9bf407af43757558c7cb48fdd16d58b95d16df74573bd97c8f316

test_op_hash160():
Function data_stack.size() result: 2
Expected data_stack.size() result: 2
Function data_stack.top().data() result: d7d5ee7824ff93f94c3055af9382c86c68b5ca92
Function data_stack.top().data() result: d7d5ee7824ff93f94c3055af9382c86c68b5ca92
Function data_stack.size() result: 3
Expected data_stack.size() result: 3
Function data_stack.top().data() result: f60b46dc1b792f72ba3b09b22cb48b592cc67b3b
Function data_stack.top().data() result: f60b46dc1b792f72ba3b09b22cb48b592cc67b3b

